Assembler report for 19_PD_VHDL
Sun Sep 14 11:49:26 2025
Quartus Prime Version 21.1.0 Build 842 10/21/2021 SJ Lite Edition


---------------------
; Table of Contents ;
---------------------
  1. Legal Notice
  2. Assembler Summary
  3. Assembler Settings
  4. Assembler Encrypted IP Cores Summary
  5. Assembler Generated Files
  6. Assembler Device Options: D:/Work/PCBteach/02_MY_projects/FPGA/OMDAZZ_test/OMDAZZ_test_FPGA/19_PD_VHDL.sof
  7. Assembler Messages



----------------
; Legal Notice ;
----------------
Copyright (C) 2021  Intel Corporation. All rights reserved.
Your use of Intel Corporation's design tools, logic functions 
and other software and tools, and any partner logic 
functions, and any output files from any of the foregoing 
(including device programming or simulation files), and any 
associated documentation or information are expressly subject 
to the terms and conditions of the Intel Program License 
Subscription Agreement, the Intel Quartus Prime License Agreement,
the Intel FPGA IP License Agreement, or other applicable license
agreement, including, without limitation, that your use is for
the sole purpose of programming logic devices manufactured by
Intel and sold by Intel or its authorized distributors.  Please
refer to the applicable agreement for further details, at
https://fpgasoftware.intel.com/eula.



+---------------------------------------------------------------+
; Assembler Summary                                             ;
+-----------------------+---------------------------------------+
; Assembler Status      ; Successful - Sun Sep 14 11:49:26 2025 ;
; Revision Name         ; 19_PD_VHDL                            ;
; Top-level Entity Name ; top_level                             ;
; Family                ; Cyclone IV E                          ;
; Device                ; EP4CE6E22C8                           ;
+-----------------------+---------------------------------------+


+----------------------------------+
; Assembler Settings               ;
+--------+---------+---------------+
; Option ; Setting ; Default Value ;
+--------+---------+---------------+


+------------------------------------------------+
; Assembler Encrypted IP Cores Summary           ;
+--------+------------------------+--------------+
; Vendor ; IP Core Name           ; License Type ;
+--------+------------------------+--------------+
; Altera ; Signal Tap (6AF7 BCE1) ; Licensed     ;
; Altera ; Signal Tap (6AF7 BCEC) ; Licensed     ;
+--------+------------------------+--------------+


+----------------------------------------------------------------------------------+
; Assembler Generated Files                                                        ;
+----------------------------------------------------------------------------------+
; File Name                                                                        ;
+----------------------------------------------------------------------------------+
; D:/Work/PCBteach/02_MY_projects/FPGA/OMDAZZ_test/OMDAZZ_test_FPGA/19_PD_VHDL.sof ;
+----------------------------------------------------------------------------------+


+------------------------------------------------------------------------------------------------------------+
; Assembler Device Options: D:/Work/PCBteach/02_MY_projects/FPGA/OMDAZZ_test/OMDAZZ_test_FPGA/19_PD_VHDL.sof ;
+----------------+-------------------------------------------------------------------------------------------+
; Option         ; Setting                                                                                   ;
+----------------+-------------------------------------------------------------------------------------------+
; JTAG usercode  ; 0x0012447B                                                                                ;
; Checksum       ; 0x0012447B                                                                                ;
+----------------+-------------------------------------------------------------------------------------------+


+--------------------+
; Assembler Messages ;
+--------------------+
Info: *******************************************************************
Info: Running Quartus Prime Assembler
    Info: Version 21.1.0 Build 842 10/21/2021 SJ Lite Edition
    Info: Processing started: Sun Sep 14 11:49:25 2025
Info: Command: quartus_asm --read_settings_files=off --write_settings_files=off 19_PD_VHDL -c 19_PD_VHDL
Warning (18236): Number of processors has not been specified which may cause overloading on shared machines.  Set the global assignment NUM_PARALLEL_PROCESSORS in your QSF to an appropriate value for best performance.
Info (115031): Writing out detailed assembly data for power analysis
Info (115030): Assembler is generating device programming files
Warning (12914): The file, D:/Work/PCBteach/02_MY_projects/FPGA_Projects/OMDAZZ_test/OMDAZZ_test_FPGA/simple_struct.sopcinfo, is not embedded into sof file as expected.  Some tools, such as System Console, may not function fully.
Info: Quartus Prime Assembler was successful. 0 errors, 2 warnings
    Info: Peak virtual memory: 4721 megabytes
    Info: Processing ended: Sun Sep 14 11:49:26 2025
    Info: Elapsed time: 00:00:01
    Info: Total CPU time (on all processors): 00:00:02


